<?xml version="1.0" encoding="UTF-8"?>
<!-- Generated by org.testng.reporters.JUnitXMLReporter -->
<testsuite hostname="johncarter-PC" ignored="0" name="Free CRM App" tests="12" failures="2" timestamp="27 Jun 2020 08:11:39 GMT" time="288.042" errors="0">
  <testcase name="landingPageTitleTest" time="1.02" classname="com.crm.qa.testcases.LandingPageTest"/>
  <testcase name="loginTest" time="1.412" classname="com.crm.qa.testcases.LoginPageTest"/>
  <testcase name="verifyHomePageTitleTest" time="0.02" classname="com.crm.qa.testcases.HomePageTest"/>
  <testcase name="verifyContactsPageLabel" time="0.195" classname="com.crm.qa.testcases.ContactsPageTest">
    <failure type="java.lang.AssertionError" message="expected [Contacts] but found [true]">
      <![CDATA[java.lang.AssertionError: expected [Contacts] but found [true]
at com.crm.qa.testcases.ContactsPageTest.verifyContactsPageLabel(ContactsPageTest.java:46)
... Removed 30 stack frames]]>
    </failure>
  </testcase> <!-- verifyContactsPageLabel -->
  <testcase name="CRMLogoImageTest" time="0.446" classname="com.crm.qa.testcases.LandingPageTest">
    <failure type="java.lang.AssertionError" message="expected [true] but found [false]">
      <![CDATA[java.lang.AssertionError: expected [true] but found [false]
at com.crm.qa.testcases.LandingPageTest.CRMLogoImageTest(LandingPageTest.java:41)
... Removed 29 stack frames]]>
    </failure>
  </testcase> <!-- CRMLogoImageTest -->
  <testcase name="verifyUserNameTest" time="2.082" classname="com.crm.qa.testcases.HomePageTest"/>
  <testcase name="selectContactsTest" time="0.811" classname="com.crm.qa.testcases.ContactsPageTest"/>
  <testcase name="landingTest" time="6.704" classname="com.crm.qa.testcases.LandingPageTest"/>
  <testcase name="verifyContactsLinkTest" time="2.965" classname="com.crm.qa.testcases.HomePageTest"/>
  <testcase name="validateCreateNewContact" time="9.815" classname="com.crm.qa.testcases.ContactsPageTest"/>
  <testcase name="validateCreateNewContact" time="9.163" classname="com.crm.qa.testcases.ContactsPageTest"/>
  <testcase name="validateCreateNewContact" time="11.106" classname="com.crm.qa.testcases.ContactsPageTest"/>
</testsuite> <!-- Free CRM App -->
